[2022-09-08T14:46:01.142] [DEBUG] cheese - <ref *2> ServerResponse {
  _events: [Object: null prototype] { finish: [Function: bound resOnFinish] },
  _eventsCount: 1,
  _maxListeners: undefined,
  outputData: [],
  outputSize: 0,
  writable: true,
  destroyed: false,
  _last: false,
  chunkedEncoding: false,
  shouldKeepAlive: true,
  _defaultKeepAlive: true,
  useChunkedEncodingByDefault: true,
  sendDate: true,
  _removedConnection: false,
  _removedContLen: false,
  _removedTE: false,
  _contentLength: null,
  _hasBody: true,
  _trailer: '',
  finished: false,
  _headerSent: false,
  socket: <ref *1> Socket {
    connecting: false,
    _hadError: false,
    _parent: null,
    _host: null,
    _readableState: ReadableState {
      objectMode: false,
      highWaterMark: 16384,
      buffer: BufferList { head: null, tail: null, length: 0 },
      length: 0,
      pipes: [],
      flowing: true,
      ended: false,
      endEmitted: false,
      reading: true,
      sync: false,
      needReadable: true,
      emittedReadable: false,
      readableListening: false,
      resumeScheduled: false,
      errorEmitted: false,
      emitClose: false,
      autoDestroy: false,
      destroyed: false,
      errored: null,
      closed: false,
      closeEmitted: false,
      defaultEncoding: 'utf8',
      awaitDrainWriters: null,
      multiAwaitDrain: false,
      readingMore: false,
      dataEmitted: false,
      decoder: null,
      encoding: null,
      [Symbol(kPaused)]: false
    },
    _events: [Object: null prototype] {
      end: [Array],
      timeout: [Function: socketOnTimeout],
      data: [Function: bound socketOnData],
      error: [Function: socketOnError],
      close: [Array],
      drain: [Function: bound socketOnDrain],
      resume: [Function: onSocketResume],
      pause: [Function: onSocketPause]
    },
    _eventsCount: 8,
    _maxListeners: undefined,
    _writableState: WritableState {
      objectMode: false,
      highWaterMark: 16384,
      finalCalled: false,
      needDrain: false,
      ending: false,
      ended: false,
      finished: false,
      destroyed: false,
      decodeStrings: false,
      defaultEncoding: 'utf8',
      length: 0,
      writing: false,
      corked: 0,
      sync: true,
      bufferProcessing: false,
      onwrite: [Function: bound onwrite],
      writecb: null,
      writelen: 0,
      afterWriteTickInfo: null,
      buffered: [],
      bufferedIndex: 0,
      allBuffers: true,
      allNoop: true,
      pendingcb: 0,
      prefinished: false,
      errorEmitted: false,
      emitClose: false,
      autoDestroy: false,
      errored: null,
      closed: false,
      closeEmitted: false
    },
    allowHalfOpen: true,
    _sockname: null,
    _pendingData: null,
    _pendingEncoding: '',
    server: Server {
      maxHeaderSize: undefined,
      insecureHTTPParser: undefined,
      _events: [Object: null prototype],
      _eventsCount: 2,
      _maxListeners: undefined,
      _connections: 2,
      _handle: [TCP],
      _usingWorkers: false,
      _workers: [],
      _unref: false,
      allowHalfOpen: true,
      pauseOnConnect: false,
      httpAllowHalfOpen: false,
      timeout: 0,
      keepAliveTimeout: 5000,
      maxHeadersCount: null,
      headersTimeout: 60000,
      requestTimeout: 0,
      _connectionKey: '6::::8090',
      [Symbol(IncomingMessage)]: [Function: IncomingMessage],
      [Symbol(ServerResponse)]: [Function: ServerResponse],
      [Symbol(kCapture)]: false,
      [Symbol(async_id_symbol)]: 6
    },
    _server: Server {
      maxHeaderSize: undefined,
      insecureHTTPParser: undefined,
      _events: [Object: null prototype],
      _eventsCount: 2,
      _maxListeners: undefined,
      _connections: 2,
      _handle: [TCP],
      _usingWorkers: false,
      _workers: [],
      _unref: false,
      allowHalfOpen: true,
      pauseOnConnect: false,
      httpAllowHalfOpen: false,
      timeout: 0,
      keepAliveTimeout: 5000,
      maxHeadersCount: null,
      headersTimeout: 60000,
      requestTimeout: 0,
      _connectionKey: '6::::8090',
      [Symbol(IncomingMessage)]: [Function: IncomingMessage],
      [Symbol(ServerResponse)]: [Function: ServerResponse],
      [Symbol(kCapture)]: false,
      [Symbol(async_id_symbol)]: 6
    },
    parser: HTTPParser {
      '0': [Function: bound setRequestTimeout],
      '1': [Function: parserOnHeaders],
      '2': [Function: parserOnHeadersComplete],
      '3': [Function: parserOnBody],
      '4': [Function: parserOnMessageComplete],
      '5': [Function: bound onParserExecute],
      '6': [Function: bound onParserTimeout],
      _headers: [],
      _url: '',
      socket: [Circular *1],
      incoming: [IncomingMessage],
      outgoing: null,
      maxHeaderPairs: 2000,
      _consumed: true,
      onIncoming: [Function: bound parserOnIncoming],
      [Symbol(resource_symbol)]: [HTTPServerAsyncResource]
    },
    on: [Function: socketListenerWrap],
    addListener: [Function: socketListenerWrap],
    prependListener: [Function: socketListenerWrap],
    _paused: false,
    _httpMessage: [Circular *2],
    [Symbol(async_id_symbol)]: 10,
    [Symbol(kHandle)]: TCP {
      reading: true,
      onconnection: null,
      _consumed: true,
      [Symbol(owner_symbol)]: [Circular *1]
    },
    [Symbol(kSetNoDelay)]: false,
    [Symbol(lastWriteQueueSize)]: 0,
    [Symbol(timeout)]: null,
    [Symbol(kBuffer)]: null,
    [Symbol(kBufferCb)]: null,
    [Symbol(kBufferGen)]: null,
    [Symbol(kCapture)]: false,
    [Symbol(kBytesRead)]: 0,
    [Symbol(kBytesWritten)]: 0,
    [Symbol(RequestTimeout)]: undefined
  },
  _header: null,
  _keepAliveTimeout: 5000,
  _onPendingData: [Function: bound updateOutgoingData],
  _sent100: false,
  _expect_continue: false,
  [Symbol(kCapture)]: false,
  [Symbol(kNeedDrain)]: false,
  [Symbol(corked)]: 0,
  [Symbol(kOutHeaders)]: null
}
[2022-09-08T15:52:26.526] [DEBUG] cheese - /
[2022-09-08T15:52:33.671] [DEBUG] cheese - /api/list
[2022-09-08T16:12:59.157] [DEBUG] cheese - username=tongyi&password=123
[2022-09-08T16:15:29.597] [DEBUG] cheese - 
[2022-09-08T16:15:42.099] [DEBUG] cheese - username=tongyi&password=123
[2022-09-08T16:29:29.358] [DEBUG] cheese - ClientRequest {
  _events: [Object: null prototype] {},
  _eventsCount: 0,
  _maxListeners: undefined,
  outputData: [
    {
      data: 'GET /ajax/moreComingList?token=&movieIds=1397016,1394637,1301026,1306855,1048274,1416685,1367251,1369917,1383307,1446115&optimus_uuid=6D75C5302F4F11ED895F5B25C88EDC2ADE8147D3850A421CA4333A9CBAD792F0&optimus_risk_level=71&optimus_code=10 HTTP/1.1\r\n' +
        'Host: i.maoyan.com\r\n' +
        'Connection: close\r\n' +
        '\r\n',
      encoding: 'latin1',
      callback: [Function: bound onFinish]
    }
  ],
  outputSize: 288,
  writable: true,
  destroyed: false,
  _last: true,
  chunkedEncoding: false,
  shouldKeepAlive: false,
  _defaultKeepAlive: true,
  useChunkedEncodingByDefault: false,
  sendDate: false,
  _removedConnection: false,
  _removedContLen: false,
  _removedTE: false,
  _contentLength: 0,
  _hasBody: true,
  _trailer: '',
  finished: true,
  _headerSent: true,
  socket: null,
  _header: 'GET /ajax/moreComingList?token=&movieIds=1397016,1394637,1301026,1306855,1048274,1416685,1367251,1369917,1383307,1446115&optimus_uuid=6D75C5302F4F11ED895F5B25C88EDC2ADE8147D3850A421CA4333A9CBAD792F0&optimus_risk_level=71&optimus_code=10 HTTP/1.1\r\n' +
    'Host: i.maoyan.com\r\n' +
    'Connection: close\r\n' +
    '\r\n',
  _keepAliveTimeout: 0,
  _onPendingData: [Function: noopPendingOutput],
  agent: Agent {
    _events: [Object: null prototype] {
      free: [Function (anonymous)],
      newListener: [Function: maybeEnableKeylog]
    },
    _eventsCount: 2,
    _maxListeners: undefined,
    defaultPort: 443,
    protocol: 'https:',
    options: { path: null },
    requests: {},
    sockets: { 'i.maoyan.com:443:::::::::::::::::::::': [Array] },
    freeSockets: {},
    keepAliveMsecs: 1000,
    keepAlive: false,
    maxSockets: Infinity,
    maxFreeSockets: 256,
    scheduling: 'lifo',
    maxTotalSockets: Infinity,
    totalSocketCount: 1,
    maxCachedSessions: 100,
    _sessionCache: { map: {}, list: [] },
    [Symbol(kCapture)]: false
  },
  socketPath: undefined,
  method: 'GET',
  maxHeaderSize: undefined,
  insecureHTTPParser: undefined,
  path: '/ajax/moreComingList?token=&movieIds=1397016,1394637,1301026,1306855,1048274,1416685,1367251,1369917,1383307,1446115&optimus_uuid=6D75C5302F4F11ED895F5B25C88EDC2ADE8147D3850A421CA4333A9CBAD792F0&optimus_risk_level=71&optimus_code=10',
  _ended: false,
  res: null,
  aborted: false,
  timeoutCb: null,
  upgradeOrConnect: false,
  parser: null,
  maxHeadersCount: null,
  reusedSocket: false,
  host: 'i.maoyan.com',
  protocol: 'https:',
  [Symbol(kCapture)]: false,
  [Symbol(kNeedDrain)]: false,
  [Symbol(corked)]: 0,
  [Symbol(kOutHeaders)]: [Object: null prototype] { host: [ 'Host', 'i.maoyan.com' ] }
}
