[2022-09-08T11:04:57.594] [DEBUG] cheese - Url {
  protocol: 'https:',
  slashes: true,
  auth: null,
  host: 'www.baidu.com:443',
  port: '443',
  hostname: 'www.baidu.com',
  hash: '#tag=3',
  search: '?id=2',
  query: 'id=2',
  pathname: '/path/index.html',
  path: '/path/index.html?id=2',
  href: 'https://www.baidu.com:443/path/index.html?id=2#tag=3'
}
[2022-09-08T11:34:27.440] [DEBUG] cheese - https://www.baidu.com:443/path/index.html?id=2#tag=3
[2022-09-08T11:36:13.750] [DEBUG] cheese - http://www.abc.com/
[2022-09-08T11:36:57.673] [DEBUG] cheese - http://www.abc.com/b
[2022-09-08T11:39:02.081] [DEBUG] cheese - URLSearchParams { 'https://www.baidu.com:443/path/index.html?id' => '2#tag=3' }
[2022-09-08T11:58:04.478] [DEBUG] cheese - URLSearchParams { 'id' => '2' }
[2022-09-08T11:59:36.393] [DEBUG] cheese - 2
